[debug] [2025-05-24T11:02:31.594Z] ----------------------------------------------------------------------
[debug] [2025-05-24T11:02:31.597Z] Command:       C:\Program Files\nodejs\node.exe C:\Users\tiish\AppData\Roaming\npm\node_modules\firebase-tools\lib\bin\firebase.js init
[debug] [2025-05-24T11:02:31.598Z] CLI Version:   14.4.0
[debug] [2025-05-24T11:02:31.598Z] Platform:      win32
[debug] [2025-05-24T11:02:31.598Z] Node Version:  v22.15.1
[debug] [2025-05-24T11:02:31.598Z] Time:          Sat May 24 2025 16:32:31 GMT+0530 (India Standard Time)
[debug] [2025-05-24T11:02:31.598Z] ----------------------------------------------------------------------
[debug] 
[debug] [2025-05-24T11:02:31.603Z] > command requires scopes: ["email","openid","https://www.googleapis.com/auth/cloudplatformprojects.readonly","https://www.googleapis.com/auth/firebase","https://www.googleapis.com/auth/cloud-platform"]
[debug] [2025-05-24T11:02:31.603Z] > authorizing via signed-in user (tisha2710@gmail.com)
[info] 
     ######## #### ########  ######## ########     ###     ######  ########
     ##        ##  ##     ## ##       ##     ##  ##   ##  ##       ##
     ######    ##  ########  ######   ########  #########  ######  ######
     ##        ##  ##    ##  ##       ##     ## ##     ##       ## ##
     ##       #### ##     ## ######## ########  ##     ##  ######  ########

You're about to initialize a Firebase project in this directory:

  C:\tisha\internship\twiller-twitterclone\server

Before we get started, keep in mind:

  * You are currently outside your home directory

[debug] [2025-05-24T11:22:33.872Z] ExitPromptError: User force closed the prompt with SIGINT
    at Interface.sigint (C:\Users\tiish\AppData\Roaming\npm\node_modules\firebase-tools\node_modules\@inquirer\core\dist\commonjs\lib\create-prompt.js:101:37)
    at Interface.emit (node:events:518:28)
    at Interface.emit (node:domain:489:12)
    at [_ttyWrite] [as _ttyWrite] (node:internal/readline/interface:1128:18)
    at ReadStream.onkeypress (node:internal/readline/interface:267:20)
    at ReadStream.emit (node:events:530:35)
    at ReadStream.emit (node:domain:489:12)
    at emitKeys (node:internal/readline/utils:370:14)
    at emitKeys.next (<anonymous>)
    at ReadStream.onData (node:internal/readline/emitKeypressEvents:64:36)
[error] 
[error] Error: An unexpected error has occurred.
